#
# There is insufficient memory for the Java Runtime Environment to continue.
# Native memory allocation (malloc) failed to allocate 552816 bytes for Chunk::new
# Possible reasons:
#   The system is out of physical RAM or swap space
#   The process is running with CompressedOops enabled, and the Java Heap may be blocking the growth of the native heap
# Possible solutions:
#   Reduce memory load on the system
#   Increase physical memory or swap space
#   Check if swap backing store is full
#   Decrease Java heap size (-Xmx/-Xms)
#   Decrease number of Java threads
#   Decrease Java thread stack sizes (-Xss)
#   Set larger code cache with -XX:ReservedCodeCacheSize=
#   JVM is running with Unscaled Compressed Oops mode in which the Java heap is
#     placed in the first 4GB address space. The Java Heap base address is the
#     maximum limit for the native heap growth. Please use -XX:HeapBaseMinAddress
#     to set the Java Heap base and to place the Java Heap above 4GB virtual address.
# This output file may be truncated or incomplete.
#
#  Out of Memory Error (allocation.cpp:390), pid=2960, tid=0x0000000000004e00
#
# JRE version: Java(TM) SE Runtime Environment (8.0_201-b09) (build 1.8.0_201-b09)
# Java VM: Java HotSpot(TM) 64-Bit Server VM (25.201-b09 mixed mode windows-amd64 compressed oops)
# Failed to write core dump. Minidumps are not enabled by default on client versions of Windows
#

---------------  T H R E A D  ---------------

Current thread (0x000000001a0f5800):  JavaThread "C2 CompilerThread1" daemon [_thread_in_native, id=19968, stack(0x000000001a9d0000,0x000000001aad0000)]

Stack: [0x000000001a9d0000,0x000000001aad0000]
[error occurred during error reporting (printing stack bounds), id 0xc0000005]

Native frames: (J=compiled Java code, j=interpreted, Vv=VM code, C=native code)


Current CompileTask:
C2:  45547 5199       4       org.codehaus.plexus.configuration.xml.XmlPlexusConfiguration::<init> (93 bytes)


---------------  P R O C E S S  ---------------

Java Threads: ( => current thread )
  0x000000001a153800 JavaThread "Service Thread" daemon [_thread_blocked, id=19808, stack(0x000000001acd0000,0x000000001add0000)]
  0x000000001a0f1000 JavaThread "C1 CompilerThread3" daemon [_thread_blocked, id=6640, stack(0x000000001abd0000,0x000000001acd0000)]
  0x000000001a0f3800 JavaThread "C2 CompilerThread2" daemon [_thread_blocked, id=19936, stack(0x000000001aad0000,0x000000001abd0000)]
=>0x000000001a0f5800 JavaThread "C2 CompilerThread1" daemon [_thread_in_native, id=19968, stack(0x000000001a9d0000,0x000000001aad0000)]
  0x000000001a0ed000 JavaThread "C2 CompilerThread0" daemon [_thread_blocked, id=14988, stack(0x000000001a8d0000,0x000000001a9d0000)]
  0x000000001a0e7000 JavaThread "Attach Listener" daemon [_thread_blocked, id=3544, stack(0x000000001a7d0000,0x000000001a8d0000)]
  0x000000001a0e6000 JavaThread "Signal Dispatcher" daemon [_thread_blocked, id=21876, stack(0x000000001a6d0000,0x000000001a7d0000)]
  0x0000000003269800 JavaThread "Finalizer" daemon [_thread_blocked, id=20116, stack(0x000000001a4c0000,0x000000001a5c0000)]
  0x0000000003268000 JavaThread "Reference Handler" daemon [_thread_blocked, id=12860, stack(0x0000000019fc0000,0x000000001a0c0000)]
  0x0000000003172800 JavaThread "main" [_thread_in_vm, id=17936, stack(0x0000000003070000,0x0000000003170000)]

Other Threads:
  0x00000000181c9800 VMThread [stack: 0x0000000019ec0000,0x0000000019fc0000] [id=11692]
  0x000000001a199800 WatcherThread [stack: 0x000000001add0000,0x000000001aed0000] [id=7068]

VM state:not at safepoint (normal execution)

VM Mutex/Monitor currently owned by a thread: None

heap address: 0x0000000082200000, size: 2014 MB, Compressed Oops mode: 32-bit
Narrow klass base: 0x0000000000000000, Narrow klass shift: 3
Compressed class space size: 1073741824 Address: 0x0000000100000000

Heap:
 PSYoungGen      total 160256K, used 20308K [0x00000000d6100000, 0x00000000e1480000, 0x0000000100000000)
  eden space 142848K, 14% used [0x00000000d6100000,0x00000000d74d53a8,0x00000000dec80000)
  from space 17408K, 0% used [0x00000000e0000000,0x00000000e0000000,0x00000000e1100000)
  to   space 19968K, 0% used [0x00000000dec80000,0x00000000dec80000,0x00000000e0000000)
 ParOldGen       total 107008K, used 33081K [0x0000000082200000, 0x0000000088a80000, 0x00000000d6100000)
  object space 107008K, 30% used [0x0000000082200000,0x000000008424e570,0x0000000088a80000)
 Metaspace       used 36187K, capacity 36992K, committed 37208K, reserved 1081344K
  class space    used 4421K, capacity 4700K, committed 4736K, reserved 1048576K

Card table byte_map: [0x0000000012640000,0x0000000012a30000] byte_map_base: 0x000000001222f000

Marking Bits: (ParMarkBitMap*) 0x0000000072454ce0
 Begin Bits: [0x00000000134d0000, 0x0000000015448000)
 End Bits:   [0x0000000015448000, 0x00000000173c0000)

Polling page: 0x0000000001a30000

CodeCache: size=245760Kb used=18683Kb max_used=19083Kb free=227077Kb
 bounds [0x0000000003280000, 0x0000000004540000, 0x0000000012280000]
 total_blobs=5590 nmethods=5124 adapters=378
 compilation: enabled

Compilation events (10 events):
Event: 45.389 Thread 0x000000001a0f1000 5931       3       java.io.WinNTFileSystem::prefixLength (91 bytes)
Event: 45.390 Thread 0x000000001a0f1000 nmethod 5931 0x00000000039f0d90 code [0x00000000039f0fa0, 0x00000000039f1be8]
Event: 45.411 Thread 0x000000001a0f1000 5932       1       java.lang.invoke.MethodTypeForm::basicType (5 bytes)
Event: 45.411 Thread 0x000000001a0f1000 nmethod 5932 0x00000000036c8a90 code [0x00000000036c8be0, 0x00000000036c8cf0]
Event: 45.440 Thread 0x000000001a0f1000 5934       1       sun.nio.cs.SingleByte$Decoder::decode (11 bytes)
Event: 45.440 Thread 0x000000001a0f1000 nmethod 5934 0x0000000003dae990 code [0x0000000003daeae0, 0x0000000003daec30]
Event: 45.500 Thread 0x000000001a0f1000 5935       1       org.graalvm.options.OptionDescriptor::getKey (5 bytes)
Event: 45.500 Thread 0x000000001a0f1000 nmethod 5935 0x0000000003539990 code [0x0000000003539ae0, 0x0000000003539bf0]
Event: 45.500 Thread 0x000000001a0f1000 5936       1       org.graalvm.options.OptionDescriptor::getName (5 bytes)
Event: 45.500 Thread 0x000000001a0f1000 nmethod 5936 0x00000000035396d0 code [0x0000000003539820, 0x0000000003539930]

GC Heap History (10 events):
Event: 37.784 GC heap before
{Heap before GC invocations=10 (full 1):
 PSYoungGen      total 99840K, used 99756K [0x00000000d6100000, 0x00000000dd080000, 0x0000000100000000)
  eden space 92672K, 100% used [0x00000000d6100000,0x00000000dbb80000,0x00000000dbb80000)
  from space 7168K, 98% used [0x00000000dc980000,0x00000000dd06b030,0x00000000dd080000)
  to   space 10240K, 0% used [0x00000000dbc80000,0x00000000dbc80000,0x00000000dc680000)
 ParOldGen       total 65024K, used 12263K [0x0000000082200000, 0x0000000086180000, 0x00000000d6100000)
  object space 65024K, 18% used [0x0000000082200000,0x0000000082df9d68,0x0000000086180000)
 Metaspace       used 22948K, capacity 23570K, committed 23936K, reserved 1071104K
  class space    used 2696K, capacity 2869K, committed 2944K, reserved 1048576K
Event: 37.793 GC heap after
Heap after GC invocations=10 (full 1):
 PSYoungGen      total 103936K, used 9204K [0x00000000d6100000, 0x00000000de400000, 0x0000000100000000)
  eden space 93696K, 0% used [0x00000000d6100000,0x00000000d6100000,0x00000000dbc80000)
  from space 10240K, 89% used [0x00000000dbc80000,0x00000000dc57d0d0,0x00000000dc680000)
  to   space 10752K, 0% used [0x00000000dd980000,0x00000000dd980000,0x00000000de400000)
 ParOldGen       total 65024K, used 12271K [0x0000000082200000, 0x0000000086180000, 0x00000000d6100000)
  object space 65024K, 18% used [0x0000000082200000,0x0000000082dfbd68,0x0000000086180000)
 Metaspace       used 22948K, capacity 23570K, committed 23936K, reserved 1071104K
  class space    used 2696K, capacity 2869K, committed 2944K, reserved 1048576K
}
Event: 38.942 GC heap before
{Heap before GC invocations=11 (full 1):
 PSYoungGen      total 103936K, used 102900K [0x00000000d6100000, 0x00000000de400000, 0x0000000100000000)
  eden space 93696K, 100% used [0x00000000d6100000,0x00000000dbc80000,0x00000000dbc80000)
  from space 10240K, 89% used [0x00000000dbc80000,0x00000000dc57d0d0,0x00000000dc680000)
  to   space 10752K, 0% used [0x00000000dd980000,0x00000000dd980000,0x00000000de400000)
 ParOldGen       total 65024K, used 12271K [0x0000000082200000, 0x0000000086180000, 0x00000000d6100000)
  object space 65024K, 18% used [0x0000000082200000,0x0000000082dfbd68,0x0000000086180000)
 Metaspace       used 23206K, capacity 23814K, committed 24192K, reserved 1071104K
  class space    used 2717K, capacity 2909K, committed 2944K, reserved 1048576K
Event: 38.957 GC heap after
Heap after GC invocations=11 (full 1):
 PSYoungGen      total 121344K, used 10720K [0x00000000d6100000, 0x00000000deb80000, 0x0000000100000000)
  eden space 110592K, 0% used [0x00000000d6100000,0x00000000d6100000,0x00000000dcd00000)
  from space 10752K, 99% used [0x00000000dd980000,0x00000000de3f8020,0x00000000de400000)
  to   space 12800K, 0% used [0x00000000dcd00000,0x00000000dcd00000,0x00000000dd980000)
 ParOldGen       total 65024K, used 14896K [0x0000000082200000, 0x0000000086180000, 0x00000000d6100000)
  object space 65024K, 22% used [0x0000000082200000,0x000000008308c1b0,0x0000000086180000)
 Metaspace       used 23206K, capacity 23814K, committed 24192K, reserved 1071104K
  class space    used 2717K, capacity 2909K, committed 2944K, reserved 1048576K
}
Event: 41.673 GC heap before
{Heap before GC invocations=12 (full 1):
 PSYoungGen      total 121344K, used 121312K [0x00000000d6100000, 0x00000000deb80000, 0x0000000100000000)
  eden space 110592K, 100% used [0x00000000d6100000,0x00000000dcd00000,0x00000000dcd00000)
  from space 10752K, 99% used [0x00000000dd980000,0x00000000de3f8020,0x00000000de400000)
  to   space 12800K, 0% used [0x00000000dcd00000,0x00000000dcd00000,0x00000000dd980000)
 ParOldGen       total 65024K, used 14896K [0x0000000082200000, 0x0000000086180000, 0x00000000d6100000)
  object space 65024K, 22% used [0x0000000082200000,0x000000008308c1b0,0x0000000086180000)
 Metaspace       used 27629K, capacity 28430K, committed 28800K, reserved 1075200K
  class space    used 3362K, capacity 3637K, committed 3712K, reserved 1048576K
Event: 41.761 GC heap after
Heap after GC invocations=12 (full 1):
 PSYoungGen      total 123392K, used 12768K [0x00000000d6100000, 0x00000000e1100000, 0x0000000100000000)
  eden space 110592K, 0% used [0x00000000d6100000,0x00000000d6100000,0x00000000dcd00000)
  from space 12800K, 99% used [0x00000000dcd00000,0x00000000dd9783c0,0x00000000dd980000)
  to   space 17408K, 0% used [0x00000000e0000000,0x00000000e0000000,0x00000000e1100000)
 ParOldGen       total 65024K, used 23417K [0x0000000082200000, 0x0000000086180000, 0x00000000d6100000)
  object space 65024K, 36% used [0x0000000082200000,0x00000000838de7f8,0x0000000086180000)
 Metaspace       used 27629K, capacity 28430K, committed 28800K, reserved 1075200K
  class space    used 3362K, capacity 3637K, committed 3712K, reserved 1048576K
}
Event: 44.788 GC heap before
{Heap before GC invocations=13 (full 1):
 PSYoungGen      total 123392K, used 70637K [0x00000000d6100000, 0x00000000e1100000, 0x0000000100000000)
  eden space 110592K, 52% used [0x00000000d6100000,0x00000000d99831a8,0x00000000dcd00000)
  from space 12800K, 99% used [0x00000000dcd00000,0x00000000dd9783c0,0x00000000dd980000)
  to   space 17408K, 0% used [0x00000000e0000000,0x00000000e0000000,0x00000000e1100000)
 ParOldGen       total 65024K, used 23417K [0x0000000082200000, 0x0000000086180000, 0x00000000d6100000)
  object space 65024K, 36% used [0x0000000082200000,0x00000000838de7f8,0x0000000086180000)
 Metaspace       used 34427K, capacity 35226K, committed 35416K, reserved 1081344K
  class space    used 4206K, capacity 4473K, committed 4480K, reserved 1048576K
Event: 44.816 GC heap after
Heap after GC invocations=13 (full 1):
 PSYoungGen      total 160256K, used 17400K [0x00000000d6100000, 0x00000000e1480000, 0x0000000100000000)
  eden space 142848K, 0% used [0x00000000d6100000,0x00000000d6100000,0x00000000dec80000)
  from space 17408K, 99% used [0x00000000e0000000,0x00000000e10fe010,0x00000000e1100000)
  to   space 19968K, 0% used [0x00000000dec80000,0x00000000dec80000,0x00000000e0000000)
 ParOldGen       total 65024K, used 24064K [0x0000000082200000, 0x0000000086180000, 0x00000000d6100000)
  object space 65024K, 37% used [0x0000000082200000,0x0000000083980240,0x0000000086180000)
 Metaspace       used 34427K, capacity 35226K, committed 35416K, reserved 1081344K
  class space    used 4206K, capacity 4473K, committed 4480K, reserved 1048576K
}
Event: 44.816 GC heap before
{Heap before GC invocations=14 (full 2):
 PSYoungGen      total 160256K, used 17400K [0x00000000d6100000, 0x00000000e1480000, 0x0000000100000000)
  eden space 142848K, 0% used [0x00000000d6100000,0x00000000d6100000,0x00000000dec80000)
  from space 17408K, 99% used [0x00000000e0000000,0x00000000e10fe010,0x00000000e1100000)
  to   space 19968K, 0% used [0x00000000dec80000,0x00000000dec80000,0x00000000e0000000)
 ParOldGen       total 65024K, used 24064K [0x0000000082200000, 0x0000000086180000, 0x00000000d6100000)
  object space 65024K, 37% used [0x0000000082200000,0x0000000083980240,0x0000000086180000)
 Metaspace       used 34427K, capacity 35226K, committed 35416K, reserved 1081344K
  class space    used 4206K, capacity 4473K, committed 4480K, reserved 1048576K
Event: 44.950 GC heap after
Heap after GC invocations=14 (full 2):
 PSYoungGen      total 160256K, used 0K [0x00000000d6100000, 0x00000000e1480000, 0x0000000100000000)
  eden space 142848K, 0% used [0x00000000d6100000,0x00000000d6100000,0x00000000dec80000)
  from space 17408K, 0% used [0x00000000e0000000,0x00000000e0000000,0x00000000e1100000)
  to   space 19968K, 0% used [0x00000000dec80000,0x00000000dec80000,0x00000000e0000000)
 ParOldGen       total 107008K, used 33081K [0x0000000082200000, 0x0000000088a80000, 0x00000000d6100000)
  object space 107008K, 30% used [0x0000000082200000,0x000000008424e570,0x0000000088a80000)
 Metaspace       used 34427K, capacity 35226K, committed 35416K, reserved 1081344K
  class space    used 4206K, capacity 4473K, committed 4480K, reserved 1048576K
}

Deoptimization events (10 events):
Event: 44.403 Thread 0x0000000003172800 Uncommon trap: reason=class_check action=maybe_recompile pc=0x0000000003d5c100 method=java.util.Collections$UnmodifiableMap$UnmodifiableEntrySet$UnmodifiableEntry.getValue()Ljava/lang/Object; @ 4
Event: 44.466 Thread 0x0000000003172800 Uncommon trap: reason=unstable_if action=reinterpret pc=0x0000000003c953d0 method=org.codehaus.plexus.classworlds.realm.Entry.matches(Ljava/lang/String;)Z @ 131
Event: 44.492 Thread 0x0000000003172800 Uncommon trap: reason=class_check action=maybe_recompile pc=0x0000000003a7b104 method=java.util.Hashtable.get(Ljava/lang/Object;)Ljava/lang/Object; @ 6
Event: 44.500 Thread 0x0000000003172800 Uncommon trap: reason=class_check action=maybe_recompile pc=0x0000000003a7b104 method=java.util.Hashtable.get(Ljava/lang/Object;)Ljava/lang/Object; @ 6
Event: 44.560 Thread 0x0000000003172800 Uncommon trap: reason=class_check action=maybe_recompile pc=0x0000000003a7b104 method=java.util.Hashtable.get(Ljava/lang/Object;)Ljava/lang/Object; @ 6
Event: 44.580 Thread 0x0000000003172800 Uncommon trap: reason=class_check action=maybe_recompile pc=0x0000000003a7b104 method=java.util.Hashtable.get(Ljava/lang/Object;)Ljava/lang/Object; @ 6
Event: 44.678 Thread 0x0000000003172800 Uncommon trap: reason=unstable_if action=reinterpret pc=0x00000000042bd2ec method=java.net.URLClassLoader.definePackageInternal(Ljava/lang/String;Ljava/util/jar/Manifest;Ljava/net/URL;)V @ 11
Event: 44.680 Thread 0x0000000003172800 Uncommon trap: reason=unstable_if action=reinterpret pc=0x00000000042f33dc method=java.net.URLClassLoader.definePackageInternal(Ljava/lang/String;Ljava/util/jar/Manifest;Ljava/net/URL;)V @ 11
Event: 44.719 Thread 0x0000000003172800 Uncommon trap: reason=unstable_if action=reinterpret pc=0x0000000003f21ae4 method=java.lang.Integer.valueOf(I)Ljava/lang/Integer; @ 3
Event: 45.470 Thread 0x0000000003172800 Uncommon trap: reason=unstable_if action=reinterpret pc=0x00000000042313c4 method=java.lang.StringCoding$StringDecoder.decode([BII)[C @ 20

Classes redefined (0 events):
No events

Internal exceptions (10 events):
Event: 44.588 Thread 0x0000000003172800 Exception <a 'java/lang/ClassNotFoundException': org/apache/velocity/tools/config/CompoundConfigurationBeanInfo> (0x00000000d9111e78) thrown at [C:\re\workspace\8-2-build-windows-amd64-cygwin\jdk8u201\12322\hotspot\src\share\vm\classfile\systemDictionary.
Event: 44.589 Thread 0x0000000003172800 Exception <a 'java/lang/ClassNotFoundException': org/apache/velocity/tools/config/ConfigurationBeanInfo> (0x00000000d9136cd8) thrown at [C:\re\workspace\8-2-build-windows-amd64-cygwin\jdk8u201\12322\hotspot\src\share\vm\classfile\systemDictionary.cpp, lin
Event: 44.589 Thread 0x0000000003172800 Exception <a 'java/lang/ClassNotFoundException': java/lang/ObjectBeanInfo> (0x00000000d9143908) thrown at [C:\re\workspace\8-2-build-windows-amd64-cygwin\jdk8u201\12322\hotspot\src\share\vm\classfile\systemDictionary.cpp, line 210]
Event: 44.590 Thread 0x0000000003172800 Exception <a 'java/lang/ClassNotFoundException': java/lang/ObjectCustomizer> (0x00000000d91506b8) thrown at [C:\re\workspace\8-2-build-windows-amd64-cygwin\jdk8u201\12322\hotspot\src\share\vm\classfile\systemDictionary.cpp, line 210]
Event: 44.597 Thread 0x0000000003172800 Exception <a 'java/lang/ClassNotFoundException': org/apache/velocity/tools/config/ConfigurationCustomizer> (0x00000000d917d378) thrown at [C:\re\workspace\8-2-build-windows-amd64-cygwin\jdk8u201\12322\hotspot\src\share\vm\classfile\systemDictionary.cpp, l
Event: 44.600 Thread 0x0000000003172800 Exception <a 'java/lang/ClassNotFoundException': org/apache/velocity/tools/config/CompoundConfigurationCustomizer> (0x00000000d91b9150) thrown at [C:\re\workspace\8-2-build-windows-amd64-cygwin\jdk8u201\12322\hotspot\src\share\vm\classfile\systemDictionar
Event: 44.601 Thread 0x0000000003172800 Exception <a 'java/lang/ClassNotFoundException': org/apache/velocity/tools/config/ToolboxConfigurationCustomizer> (0x00000000d91eb920) thrown at [C:\re\workspace\8-2-build-windows-amd64-cygwin\jdk8u201\12322\hotspot\src\share\vm\classfile\systemDictionary
Event: 44.605 Thread 0x0000000003172800 Exception <a 'java/lang/ClassNotFoundException': org/apache/velocity/tools/config/ToolConfigurationBeanInfo> (0x00000000d9234150) thrown at [C:\re\workspace\8-2-build-windows-amd64-cygwin\jdk8u201\12322\hotspot\src\share\vm\classfile\systemDictionary.cpp,
Event: 44.606 Thread 0x0000000003172800 Exception <a 'java/lang/ClassNotFoundException': org/apache/velocity/tools/config/ToolConfigurationCustomizer> (0x00000000d925b858) thrown at [C:\re\workspace\8-2-build-windows-amd64-cygwin\jdk8u201\12322\hotspot\src\share\vm\classfile\systemDictionary.cp
Event: 44.652 Thread 0x0000000003172800 Exception <a 'java/io/FileNotFoundException'> (0x00000000d9356350) thrown at [C:\re\workspace\8-2-build-windows-amd64-cygwin\jdk8u201\12322\hotspot\src\share\vm\prims\jni.cpp, line 709]

Events (10 events):
Event: 45.506 loading class com/oracle/truffle/js/runtime/JSException
Event: 45.506 loading class com/oracle/truffle/js/runtime/JSException done
Event: 45.506 loading class com/oracle/truffle/js/runtime/JSException
Event: 45.510 loading class com/oracle/truffle/js/runtime/JSException done
Event: 45.519 loading class com/oracle/truffle/js/runtime/GraalJSException
Event: 45.519 loading class com/oracle/truffle/js/runtime/GraalJSException done
Event: 45.519 loading class com/oracle/truffle/js/runtime/GraalJSException
Event: 45.519 loading class com/oracle/truffle/js/runtime/GraalJSException done
Event: 45.519 loading class com/oracle/truffle/js/runtime/GraalJSException
Event: 45.519 loading class com/oracle/truffle/js/runtime/GraalJSException done


Dynamic libraries:
0x00007ff66b5b0000 - 0x00007ff66b5e7000 	C:\Program Files\Java\jre1.8.0_201\bin\java.exe
0x00007ffe33690000 - 0x00007ffe33885000 	C:\WINDOWS\SYSTEM32\ntdll.dll
0x00007ffe316e0000 - 0x00007ffe3179d000 	C:\WINDOWS\System32\KERNEL32.DLL
0x00007ffe31300000 - 0x00007ffe315cd000 	C:\WINDOWS\System32\KERNELBASE.dll
0x00007ffe32e10000 - 0x00007ffe32ebe000 	C:\WINDOWS\System32\ADVAPI32.dll
0x00007ffe329a0000 - 0x00007ffe32a3e000 	C:\WINDOWS\System32\msvcrt.dll
0x00007ffe335b0000 - 0x00007ffe3364c000 	C:\WINDOWS\System32\sechost.dll
0x00007ffe325e0000 - 0x00007ffe32705000 	C:\WINDOWS\System32\RPCRT4.dll
0x00007ffe317b0000 - 0x00007ffe31950000 	C:\WINDOWS\System32\USER32.dll
0x00007ffe30ea0000 - 0x00007ffe30ec2000 	C:\WINDOWS\System32\win32u.dll
0x00007ffe32ec0000 - 0x00007ffe32eea000 	C:\WINDOWS\System32\GDI32.dll
0x00007ffe30fd0000 - 0x00007ffe310db000 	C:\WINDOWS\System32\gdi32full.dll
0x00007ffe31640000 - 0x00007ffe316dd000 	C:\WINDOWS\System32\msvcp_win.dll
0x00007ffe30ed0000 - 0x00007ffe30fd0000 	C:\WINDOWS\System32\ucrtbase.dll
0x00007ffe1dd50000 - 0x00007ffe1dfea000 	C:\WINDOWS\WinSxS\amd64_microsoft.windows.common-controls_6595b64144ccf1df_6.0.19041.1110_none_60b5254171f9507e\COMCTL32.dll
0x00007ffe31950000 - 0x00007ffe31980000 	C:\WINDOWS\System32\IMM32.DLL
0x00000000724e0000 - 0x00000000725b1000 	C:\Program Files\Java\jre1.8.0_201\bin\msvcr100.dll
0x0000000071c30000 - 0x00000000724d4000 	C:\Program Files\Java\jre1.8.0_201\bin\server\jvm.dll
0x00007ffe317a0000 - 0x00007ffe317a8000 	C:\WINDOWS\System32\PSAPI.DLL
0x00007ffe1b810000 - 0x00007ffe1b819000 	C:\WINDOWS\SYSTEM32\WSOCK32.dll
0x00007ffe1b6e0000 - 0x00007ffe1b707000 	C:\WINDOWS\SYSTEM32\WINMM.dll
0x00007ffe27170000 - 0x00007ffe2717a000 	C:\WINDOWS\SYSTEM32\VERSION.dll
0x00007ffe32a40000 - 0x00007ffe32aab000 	C:\WINDOWS\System32\WS2_32.dll
0x00007ffe237f0000 - 0x00007ffe237ff000 	C:\Program Files\Java\jre1.8.0_201\bin\verify.dll
0x00007ffe237c0000 - 0x00007ffe237e9000 	C:\Program Files\Java\jre1.8.0_201\bin\java.dll
0x00007ffe1f4f0000 - 0x00007ffe1f506000 	C:\Program Files\Java\jre1.8.0_201\bin\zip.dll
0x00007ffe31be0000 - 0x00007ffe32324000 	C:\WINDOWS\System32\SHELL32.dll
0x00007ffe2ee50000 - 0x00007ffe2f5e4000 	C:\WINDOWS\SYSTEM32\windows.storage.dll
0x00007ffe32ab0000 - 0x00007ffe32e04000 	C:\WINDOWS\System32\combase.dll
0x00007ffe30790000 - 0x00007ffe307bc000 	C:\WINDOWS\SYSTEM32\Wldp.dll
0x00007ffe31b30000 - 0x00007ffe31bdd000 	C:\WINDOWS\System32\SHCORE.dll
0x00007ffe32390000 - 0x00007ffe323e5000 	C:\WINDOWS\System32\shlwapi.dll
0x00007ffe30ce0000 - 0x00007ffe30cff000 	C:\WINDOWS\SYSTEM32\profapi.dll
0x00007ffe28fa0000 - 0x00007ffe28faa000 	C:\Program Files\apache-maven-3.6.1\lib\jansi-native\windows64\jansi.dll
0x00007ffe1ec00000 - 0x00007ffe1ec24000 	C:\Program Files\Java\jre1.8.0_201\bin\sunec.dll
0x00007ffe28c10000 - 0x00007ffe28c2a000 	C:\Program Files\Java\jre1.8.0_201\bin\net.dll
0x00007ffe1f8b0000 - 0x00007ffe1fa9c000 	C:\WINDOWS\SYSTEM32\urlmon.dll
0x00007ffe1f880000 - 0x00007ffe1f8a8000 	C:\WINDOWS\SYSTEM32\srvcli.dll
0x00007ffe22b90000 - 0x00007ffe22e41000 	C:\WINDOWS\SYSTEM32\iertutil.dll
0x00007ffe30290000 - 0x00007ffe3029c000 	C:\WINDOWS\SYSTEM32\netutils.dll
0x00007ffe30490000 - 0x00007ffe304fa000 	C:\WINDOWS\system32\mswsock.dll
0x00007ffe30180000 - 0x00007ffe301bb000 	C:\WINDOWS\SYSTEM32\IPHLPAPI.DLL
0x00007ffe32ef0000 - 0x00007ffe32ef8000 	C:\WINDOWS\System32\NSI.dll
0x00007ffe2b330000 - 0x00007ffe2b347000 	C:\WINDOWS\SYSTEM32\dhcpcsvc6.DLL
0x00007ffe2b2f0000 - 0x00007ffe2b30d000 	C:\WINDOWS\SYSTEM32\dhcpcsvc.DLL
0x00007ffe301c0000 - 0x00007ffe3028b000 	C:\WINDOWS\SYSTEM32\DNSAPI.dll
0x00007ffe1ece0000 - 0x00007ffe1ecf1000 	C:\Program Files\Java\jre1.8.0_201\bin\nio.dll
0x00007ffe30680000 - 0x00007ffe30698000 	C:\WINDOWS\SYSTEM32\CRYPTSP.dll
0x00007ffe2fe10000 - 0x00007ffe2fe44000 	C:\WINDOWS\system32\rsaenh.dll
0x00007ffe312d0000 - 0x00007ffe312f7000 	C:\WINDOWS\System32\bcrypt.dll
0x00007ffe30ca0000 - 0x00007ffe30cce000 	C:\WINDOWS\SYSTEM32\USERENV.dll
0x00007ffe310e0000 - 0x00007ffe31162000 	C:\WINDOWS\System32\bcryptprimitives.dll
0x00007ffe306a0000 - 0x00007ffe306ac000 	C:\WINDOWS\SYSTEM32\CRYPTBASE.dll
0x00007ffe1f870000 - 0x00007ffe1f87a000 	C:\Windows\System32\rasadhlp.dll
0x00007ffe2b910000 - 0x00007ffe2b990000 	C:\WINDOWS\System32\fwpuclnt.dll
0x00007ffe2f710000 - 0x00007ffe2f743000 	C:\WINDOWS\SYSTEM32\ntmarta.dll
0x00007ffdc3770000 - 0x00007ffdc3909000 	C:\Program Files\Java\jre1.8.0_201\bin\awt.dll
0x00007ffe328d0000 - 0x00007ffe3299d000 	C:\WINDOWS\System32\OLEAUT32.dll
0x00007ffe2de80000 - 0x00007ffe2df10000 	C:\WINDOWS\SYSTEM32\apphelp.dll

VM Arguments:
jvm_args: -Dclassworlds.conf=C:\Program Files\apache-maven-3.6.1\bin\..\bin\m2.conf -Dmaven.home=C:\Program Files\apache-maven-3.6.1\bin\.. -Dlibrary.jansi.path=C:\Program Files\apache-maven-3.6.1\bin\..\lib\jansi-native -Dmaven.multiModuleProjectDirectory=D:\Tech Com\matrix\hws-otel-collector 
java_command: org.codehaus.plexus.classworlds.launcher.Launcher clean site
java_class_path (initial): C:\Program Files\apache-maven-3.6.1\bin\..\boot\plexus-classworlds-2.6.0.jar
Launcher Type: SUN_STANDARD

Environment Variables:
JAVA_HOME=C:\Program Files\Java\jre1.8.0_201
PATH=C:\Program Files\Eclipse Foundation\jdk-11.0.12.7-hotspot\bin;C:\Program Files (x86)\Common Files\Oracle\Java\javapath;C:\WINDOWS\system32;C:\WINDOWS;C:\WINDOWS\System32\Wbem;C:\WINDOWS\System32\WindowsPowerShell\v1.0\;C:\WINDOWS\System32\OpenSSH\;C:\Program Files (x86)\Intel\Intel(R) Management Engine Components\DAL;C:\Program Files\Intel\Intel(R) Management Engine Components\DAL;C:\PROGRA~2\BMCSOF~1\Patrol3\bin;C:\Program Files (x86)\BMC Software\Patrol3\bin\patrol_x86;C:\Program Files\nssm-2.24\win64;C:\Program Files\nodejs\;C:\Program Files\Git\cmd;C:\Ruby27-x64\bin;C:\Users\isabelle\AppData\Local\Microsoft\WindowsApps;C:\Program Files\apache-maven-3.6.1\bin;C:\Users\isabelle\AppData\Local\atom\bin;C:\Users\isabelle\AppData\Local\Programs\Microsoft VS Code\bin;C:\Users\isabelle\AppData\Local\Microsoft\WindowsApps;C:\Users\isabelle\AppData\Local\GitHubDesktop\bin;C:\Program Files\hardware-sentry-cli-0.9\hws\bin;C:\Users\isabelle\AppData\Roaming\npm
USERNAME=isabelle
OS=Windows_NT
PROCESSOR_IDENTIFIER=Intel64 Family 6 Model 142 Stepping 10, GenuineIntel



---------------  S Y S T E M  ---------------

OS: Windows 10.0 , 64 bit Build 19041 (10.0.19041.1706)

CPU:total 8 (initial active 8) (4 cores per cpu, 2 threads per core) family 6 model 142 stepping 10, cmov, cx8, fxsr, mmx, sse, sse2, sse3, ssse3, sse4.1, sse4.2, popcnt, avx, avx2, aes, clmul, erms, 3dnowpref, lzcnt, ht, tsc, tscinvbit, bmi1, bmi2, adx

Memory: 4k page, physical 8244344k(352392k free), swap 33410168k(2232k free)

vm_info: Java HotSpot(TM) 64-Bit Server VM (25.201-b09) for windows-amd64 JRE (1.8.0_201-b09), built on Dec 15 2018 18:36:39 by "java_re" with MS VC++ 10.0 (VS2010)

time: Tue Jun 14 16:24:23 2022
timezone: Romance Daylight Time
elapsed time: 45 seconds (0d 0h 0m 45s)

